app/build/intermediates/manifest_merge_blame_file/release/processReleaseMainManifest/manifest-merger-blame-release-report.txt
1<?xml version="1.0" encoding="utf-8"?>
2<manifest xmlns:android="http://schemas.android.com/apk/res/android"
3    package="com.wobblybottle.game"
4    android:versionCode="36"
5    android:versionName="10.2" >
6
7    <uses-sdk
8        android:minSdkVersion="24"
9        android:targetSdkVersion="36" />
10
11    <uses-permission android:name="android.permission.INTERNET" />
11-->src\main\AndroidManifest.xml:3:5-67
11-->src\main\AndroidManifest.xml:3:22-64
12    <uses-permission android:name="android.permission.ACCESS_NETWORK_STATE" />
12-->src\main\AndroidManifest.xml:4:5-79
12-->src\main\AndroidManifest.xml:4:22-76
13    <uses-permission android:name="com.google.android.gms.permission.AD_ID" />
13-->src\main\AndroidManifest.xml:5:5-78
13-->src\main\AndroidManifest.xml:5:22-76
14
15    <application
15-->src\main\AndroidManifest.xml:7:5-23:19
16        android:allowBackup="true"
16-->src\main\AndroidManifest.xml:8:9-35
17        android:extractNativeLibs="false"
18        android:icon="@drawable/app_icon"
18-->src\main\AndroidManifest.xml:9:9-42
19        android:label="Wobbly Bottle"
19-->src\main\AndroidManifest.xml:10:9-38
20        android:supportsRtl="true"
20-->src\main\AndroidManifest.xml:11:9-35
21        android:theme="@style/AppTheme"
21-->src\main\AndroidManifest.xml:12:9-40
22        android:usesCleartextTraffic="false" >
22-->src\main\AndroidManifest.xml:13:9-45
23        <activity
23-->src\main\AndroidManifest.xml:14:9-22:20
24            android:name="com.wobblybottle.game.MainActivity"
24-->src\main\AndroidManifest.xml:15:13-41
25            android:exported="true"
25-->src\main\AndroidManifest.xml:17:13-36
26            android:screenOrientation="portrait" >
26-->src\main\AndroidManifest.xml:16:13-49
27            <intent-filter>
27-->src\main\AndroidManifest.xml:18:13-21:29
28                <action android:name="android.intent.action.MAIN" />
28-->src\main\AndroidManifest.xml:19:17-69
28-->src\main\AndroidManifest.xml:19:25-66
29
30                <category android:name="android.intent.category.LAUNCHER" />
30-->src\main\AndroidManifest.xml:20:17-77
30-->src\main\AndroidManifest.xml:20:27-74
31            </intent-filter>
32        </activity>
33    </application>
34
35</manifest>